[19:43:01] [main/INFO]: Loading Minecraft 1.21.5 with Fabric Loader 0.16.14
[19:43:04] [main/WARN]: Warnings were found!
 - Mod 'Debugify' (debugify) 1.21.5+1.0 recommends any version of yet_another_config_lib_v3, which is missing!
	 - You should install any version of yet_another_config_lib_v3 for the optimal experience.
 - Mod 'Debugify' (debugify) 1.21.5+1.0 recommends any version of modmenu, which is missing!
	 - You should install any version of modmenu for the optimal experience.
[19:43:04] [main/INFO]: Loading 112 mods:
	- async 0.1.7+alpha.3-1.21.5
	   |-- com_electronwill_night-config_core 3.8.1
	   |-- com_electronwill_night-config_toml 3.8.1
	   \-- mixinsquared 0.2.0-beta.6
	- c2me 0.3.4+alpha.0.1+1.21.5
	   |-- c2me-base 0.3.4+alpha.0.1+1.21.5
	   |-- c2me-client-uncapvd 0.3.4+alpha.0.1+1.21.5
	   |-- c2me-fixes-chunkio-threading-issues 0.3.4+alpha.0.1+1.21.5
	   |-- c2me-fixes-general-threading-issues 0.3.4+alpha.0.1+1.21.5
	   |-- c2me-fixes-worldgen-threading-issues 0.3.4+alpha.0.1+1.21.5
	   |-- c2me-fixes-worldgen-vanilla-bugs 0.3.4+alpha.0.1+1.21.5
	   |-- c2me-notickvd 0.3.4+alpha.0.1+1.21.5
	   |-- c2me-opts-allocs 0.3.4+alpha.0.1+1.21.5
	   |-- c2me-opts-chunkio 0.3.4+alpha.0.1+1.21.5
	   |-- c2me-opts-dfc 0.3.4+alpha.0.1+1.21.5
	   |-- c2me-opts-math 0.3.4+alpha.0.1+1.21.5
	   |-- c2me-opts-scheduling 0.3.4+alpha.0.1+1.21.5
	   |-- c2me-opts-worldgen-general 0.3.4+alpha.0.1+1.21.5
	   |-- c2me-opts-worldgen-vanilla 0.3.4+alpha.0.1+1.21.5
	   |-- c2me-rewrites-chunk-serializer 0.3.4+alpha.0.1+1.21.5
	   |-- c2me-rewrites-chunk-system 0.3.4+alpha.0.1+1.21.5
	   |-- c2me-rewrites-chunkio 0.3.4+alpha.0.1+1.21.5
	   |-- c2me-server-utils 0.3.4+alpha.0.1+1.21.5
	   |-- c2me-threading-lighting 0.3.4+alpha.0.1+1.21.5
	   |-- com_ibm_async_asyncutil 0.1.0
	   |-- io_reactivex_rxjava3_rxjava 3.1.8
	   |-- net_objecthunter_exp4j 0.4.8
	   |-- org_jctools_jctools-core 4.0.5
	   \-- org_reactivestreams_reactive-streams 1.0.4
	- chunky 1.4.36
	- debugify 1.21.5+1.0
	- easyauth 3.2.1
	   |-- at_favre_lib_bcrypt 0.10.2
	   |-- at_favre_lib_bytes 1.6.1
	   |-- com_mysql_mysql-connector-j 9.2.0
	   |-- com_typesafe_config 1.4.3
	   |-- de_mkammerer_argon2-jvm 2.12
	   |-- de_mkammerer_argon2-jvm-nolibs 2.12
	   |-- fabric-permissions-api-v0 0.3.3
	   |-- io_leangen_geantyref_geantyref 1.3.16
	   |-- net_java_dev_jna_jna 5.16.0
	   |-- net_kyori_option 1.1.0
	   |-- org_apache_commons_commons-text 1.13.0
	   |-- org_iq80_leveldb_leveldb 0.12
	   |-- org_iq80_leveldb_leveldb-api 0.12
	   |-- org_mongodb_bson 5.3.1
	   |-- org_mongodb_mongodb-driver-core 5.3.1
	   |-- org_mongodb_mongodb-driver-sync 5.3.1
	   |-- org_spongepowered_configurate-core 4.2.0
	   |-- org_spongepowered_configurate-hocon 4.2.0
	   |-- org_xerial_sqlite-jdbc 3.49.1.0
	   \-- server_translations_api 2.5.0+1.21.5-rc1
	        \-- packet_tweaker 0.6.0-pre.1+1.21.2-pre3
	- fabric-api 0.123.2+1.21.5
	   |-- fabric-api-base 0.4.62+73a52b4b49
	   |-- fabric-api-lookup-api-v1 1.6.96+86c3a9f149
	   |-- fabric-biome-api-v1 16.0.7+2dd063df49
	   |-- fabric-block-api-v1 1.0.37+86c3a9f149
	   |-- fabric-block-view-api-v2 1.0.26+aa6d566c49
	   |-- fabric-blockrenderlayer-v1 2.0.16+86c3a9f149
	   |-- fabric-client-tags-api-v1 1.1.37+86c3a9f149
	   |-- fabric-command-api-v1 1.2.70+f71b366f49
	   |-- fabric-command-api-v2 2.2.49+73a52b4b49
	   |-- fabric-commands-v0 0.2.87+df3654b349
	   |-- fabric-content-registries-v0 10.0.14+3e6c1f7d49
	   |-- fabric-convention-tags-v1 2.1.30+7f945d5b49
	   |-- fabric-convention-tags-v2 2.14.4+fca633a049
	   |-- fabric-crash-report-info-v1 0.3.12+86c3a9f149
	   |-- fabric-data-attachment-api-v1 1.8.1+7d6345b349
	   |-- fabric-data-generation-api-v1 22.3.6+fd2b524049
	   |-- fabric-dimensions-v1 4.0.17+3e6c1f7d49
	   |-- fabric-entity-events-v1 2.0.25+27c1078f49
	   |-- fabric-events-interaction-v0 4.0.13+73a52b4b49
	   |-- fabric-game-rule-api-v1 1.0.70+c327076a49
	   |-- fabric-item-api-v1 11.4.1+e46fd76a49
	   |-- fabric-item-group-api-v1 4.2.9+3459fc6149
	   |-- fabric-key-binding-api-v1 1.0.63+ecf51cdc49
	   |-- fabric-keybindings-v0 0.2.61+df3654b349
	   |-- fabric-lifecycle-events-v1 2.6.0+230071a049
	   |-- fabric-loot-api-v2 3.0.48+3f89f5a549
	   |-- fabric-loot-api-v3 1.0.36+86c3a9f149
	   |-- fabric-message-api-v1 6.0.33+86c3a9f149
	   |-- fabric-model-loading-api-v1 5.2.0+c982b95149
	   |-- fabric-networking-api-v1 4.4.0+f3ffa98949
	   |-- fabric-object-builder-api-v1 21.1.0+b8d6ba7049
	   |-- fabric-particles-v1 4.1.1+112e550e49
	   |-- fabric-recipe-api-v1 8.1.6+052a85d049
	   |-- fabric-registry-sync-v0 6.1.20+b556383249
	   |-- fabric-renderer-api-v1 6.0.2+c982b95149
	   |-- fabric-renderer-indigo 3.0.3+3e6c1f7d49
	   |-- fabric-rendering-data-attachment-v1 0.3.64+73761d2e49
	   |-- fabric-rendering-fluids-v1 3.1.27+86c3a9f149
	   |-- fabric-rendering-v1 11.1.11+5490746649
	   |-- fabric-resource-conditions-api-v1 5.0.21+73a52b4b49
	   |-- fabric-resource-loader-v0 3.1.7+847e5f5c49
	   |-- fabric-screen-api-v1 2.0.46+86c3a9f149
	   |-- fabric-screen-handler-api-v1 1.3.127+c327076a49
	   |-- fabric-sound-api-v1 1.0.38+86c3a9f149
	   |-- fabric-tag-api-v1 1.0.17+ecf51cdc49
	   |-- fabric-transfer-api-v1 5.4.24+7b20cbb049
	   \-- fabric-transitive-access-wideners-v1 6.3.17+f17a180c49
	- fabricloader 0.16.14
	   \-- mixinextras 0.4.1
	- ferritecore 8.0.0
	- java 21
	- krypton 0.2.9
	   \-- com_velocitypowered_velocity-native 3.4.0-SNAPSHOT
	- lithium 0.16.2+mc1.21.5
	- minecraft 1.21.5
	- noisium 2.6.0+mc1.21.5
	- recipecooldown 1.17.1-1.0.0
	- scalablelux 0.1.3+beta.1+fabric.4039a8d
	- servercore 1.5.10+1.21.5
	   |-- fabric-permissions-api-v0 0.3.3
	   |-- org_yaml_snakeyaml 2.3
	   |-- placeholder-api 2.6.2+1.21.5
	   |-- space_arim_dazzleconf_dazzleconf-core 1.3.0-M2
	   \-- space_arim_dazzleconf_dazzleconf-ext-snakeyaml 1.3.0-M2
	- skinrestorer 2.3.1+1.21.5-fabric
	   \-- org_mineskin_java-client 3.0.1-SNAPSHOT
	- threadtweak 0.1.7+mc1.21.5
	- tt20 0.7.1
	   \-- net_snackbag_shit_shit 1.2.3
	- vmp 0.2.0+beta.7.198+1.21.5
	   \-- com_ibm_async_asyncutil 0.1.0
[19:43:05] [main/INFO]: SpongePowered MIXIN Subsystem Version=0.8.7 Source=file:/home/cacomp/server/libraries/net/fabricmc/sponge-mixin/0.15.5+mixin.0.8.7/sponge-mixin-0.15.5+mixin.0.8.7.jar Service=Knot/Fabric Env=SERVER
[19:43:06] [main/INFO]: Compatibility level set to JAVA_21
[19:43:07] [main/INFO]: Initializing com.ishland.c2me.base.mixin
[19:43:07] [main/INFO]: Global Executor Parallelism: 2 configured, 2 evaluated, 2 default evaluated
[19:43:07] [main/INFO]: Initializing com.ishland.c2me.fixes.chunkio.threading_issues.mixin
[19:43:07] [main/INFO]: Initializing com.ishland.c2me.fixes.general.threading_issues.mixin
[19:43:07] [main/INFO]: Initializing com.ishland.c2me.fixes.worldgen.threading_issues.mixin
[19:43:07] [main/INFO]: Initializing com.ishland.c2me.fixes.worldgen.vanilla_bugs.mixin
[19:43:07] [main/INFO]: Initializing com.ishland.c2me.notickvd.mixin
[19:43:07] [main/INFO]: Initializing com.ishland.c2me.opts.allocs.mixin
[19:43:07] [main/INFO]: Initializing com.ishland.c2me.opts.chunkio.mixin
[19:43:07] [main/INFO]: Initializing com.ishland.c2me.opts.dfc.mixin
[19:43:07] [main/INFO]: Initializing com.ishland.c2me.opts.math.mixin
[19:43:07] [main/INFO]: Initializing com.ishland.c2me.opts.scheduling.mixin
[19:43:07] [main/INFO]: Initializing com.ishland.c2me.opts.worldgen.general.mixin
[19:43:07] [main/INFO]: Initializing com.ishland.c2me.opts.worldgen.vanilla.mixin
[19:43:07] [main/INFO]: Initializing com.ishland.c2me.rewrites.chunk_serializer.mixin
[19:43:07] [main/INFO]: Disabling com.ishland.c2me.rewrites.chunk_serializer.mixin
[19:43:07] [main/INFO]: Initializing com.ishland.c2me.rewrites.chunksystem.mixin
[19:43:07] [main/INFO]: Initializing com.ishland.c2me.rewrites.chunkio.mixin
[19:43:07] [main/INFO]: Initializing com.ishland.c2me.server.utils.mixin
[19:43:07] [main/INFO]: Initializing com.ishland.c2me.threading.lighting.mixin
[19:43:08] [main/WARN]: Mod 'ferritecore' attempted to override option 'mixin.alloc.blockstate', which doesn't exist, ignoring
[19:43:08] [main/INFO]: Loaded configuration file for Lithium: 155 options available, 2 override(s) found.
[19:43:09] [main/INFO]: Successfully started async appender with [SysOut, ServerGuiConsole, Tracy, File]
[19:43:13] [main/INFO]: Force-disabling mixin 'entity.inactive_navigations.DrownedEntityLeaveWaterGoalMixin' as rule 'mixin.entity.inactive_navigations' (added by mods [async]) disables it and children
[19:43:13] [main/INFO]: Force-disabling mixin 'entity.inactive_navigations.DrownedMixin' as rule 'mixin.entity.inactive_navigations' (added by mods [async]) disables it and children
[19:43:13] [main/INFO]: Force-disabling mixin 'entity.inactive_navigations.LivingEntityMixin' as rule 'mixin.entity.inactive_navigations' (added by mods [async]) disables it and children
[19:43:13] [main/INFO]: Force-disabling mixin 'entity.inactive_navigations.MobMixin' as rule 'mixin.entity.inactive_navigations' (added by mods [async]) disables it and children
[19:43:13] [main/INFO]: Force-disabling mixin 'entity.inactive_navigations.PathNavigationMixin' as rule 'mixin.entity.inactive_navigations' (added by mods [async]) disables it and children
[19:43:13] [main/INFO]: Force-disabling mixin 'entity.inactive_navigations.ServerLevel$EntityCallbacksMixin' as rule 'mixin.entity.inactive_navigations' (added by mods [async]) disables it and children
[19:43:13] [main/INFO]: Force-disabling mixin 'entity.inactive_navigations.ServerLevelMixin' as rule 'mixin.entity.inactive_navigations' (added by mods [async]) disables it and children
[19:43:13] [main/INFO]: Force-disabling mixin 'experimental.client_tick.entity.unused_brain.BrainMixin' as rule 'mixin.experimental' (added by mods [async]) disables it and children
[19:43:13] [main/INFO]: Force-disabling mixin 'experimental.entity.block_caching.EntityMixin' as rule 'mixin.experimental' (added by mods [async]) disables it and children
[19:43:13] [main/INFO]: Force-disabling mixin 'experimental.entity.block_caching.block_support.EntityMixin' as rule 'mixin.experimental' (added by mods [async]) disables it and children
[19:43:13] [main/INFO]: Force-disabling mixin 'experimental.entity.block_caching.suffocation.EntityMixin' as rule 'mixin.experimental' (added by mods [async]) disables it and children
[19:43:13] [main/INFO]: Force-disabling mixin 'experimental.entity.item_entity_merging.ItemEntityMixin' as rule 'mixin.experimental' (added by mods [async]) disables it and children
[19:43:13] [main/INFO]: Force-disabling mixin 'experimental.entity.projectile_projectile_collisions.ProjectileUtilMixin' as rule 'mixin.experimental' (added by mods [async]) disables it and children
[19:43:13] [main/INFO]: Force-disabling mixin 'experimental.entity.block_caching.fluid_pushing.EntityMixin' as rule 'mixin.experimental' (added by mods [async]) disables it and children
[19:43:15] [main/INFO]: Initializing MixinExtras via com.llamalad7.mixinextras.service.MixinExtrasServiceImpl(version=0.4.1).
[19:43:17] [main/INFO]: ThreadTweak config initialized
[19:43:23] [main/WARN]: Cancelled mixin com.ishland.c2me.fixes.worldgen.threading_issues.mixin.threading_detections.random_instances.MixinWorld. Check debug logs for more information.
[19:43:48] [main/INFO]: Initializing Async...
[19:43:48] [main/INFO]: Initializing Async Config...
[19:43:48] [main/WARN]: Removing unused configuration key: enableAsyncSpawn
[19:43:48] [main/INFO]: Configuration saved successfully.
[19:43:48] [main/INFO]: Configuration successfully loaded.
[19:43:48] [main/INFO]: Async Initialized successfully!
[19:43:48] [main/INFO]: Enabled 27 bug fixes: [MC-2025, MC-7569, MC-8187, MC-30391, MC-69216, MC-88371, MC-89146, MC-93018, MC-100991, MC-119417, MC-119754, MC-121706, MC-121903, MC-129909, MC-132878, MC-155509, MC-160095, MC-179072, MC-183990, MC-199467, MC-200418, MC-206922, MC-215530, MC-223153, MC-224729, MC-231743, MC-232869]
[19:43:48] [main/INFO]: Successfully Debugify'd your game!
[19:43:48] [main/INFO]: [EasyAuth]: EasyAuth mod by NikitaCartes
[19:43:51] [main/INFO]: Compression will use libdeflate (Linux x86_64), encryption will use OpenSSL 3.x.x (Linux x86_64)
[19:43:51] [main/INFO]: Loading Noisium.
[19:43:51] [main/INFO]: [RecipeCooldown] RecipeCooldown loaded
[19:43:51] [main/INFO]: [ServerCore] Loaded V1.5.10+1.21.5!
[19:43:53] [main/INFO]: Starting TT20...
[19:43:53] [ForkJoinPool.commonPool-worker-1/INFO]: (TT20) Checking for updates...
[19:43:53] [main/INFO]: Krypton is now accelerating your Minecraft server's networking stack 🚀
[19:43:54] [main/INFO]: Environment: Environment[sessionHost=https://sessionserver.mojang.com, servicesHost=https://api.minecraftservices.com, name=PROD]
[19:43:56] [ForkJoinPool.commonPool-worker-1/INFO]: (TT20) Running the latest version
[19:44:02] [main/INFO]: Loaded 1373 recipes
[19:44:02] [main/INFO]: Loaded 1484 advancements
[19:44:02] [ForkJoinPool.commonPool-worker-1/INFO]: Loaded 42 translation keys
[19:44:04] [main/INFO]: Applied 0 biome modifications to 0 of 65 new biomes in 3.852 ms
[19:44:04] [Server thread/INFO]: Async Setting up thread-pool...
[19:44:04] [Server thread/INFO]: Initialized Pool with 4 threads
[19:44:04] [Server thread/INFO]: Starting minecraft server version 1.21.5
[19:44:04] [Server thread/INFO]: Loading properties
[19:44:04] [Server thread/INFO]: Default game type: SURVIVAL
[19:44:04] [Server thread/INFO]: Generating keypair
[19:44:04] [Server thread/INFO]: Starting Minecraft server on *:25565
[19:44:05] [Server thread/INFO]: Using epoll channel type
[19:44:05] [Server thread/WARN]: **** SERVER IS RUNNING IN OFFLINE/INSECURE MODE!
[19:44:05] [Server thread/WARN]: The server will make no attempt to authenticate usernames. Beware.
[19:44:05] [Server thread/WARN]: While this makes the game possible to play without internet access, it also opens up the ability for hackers to connect with any username they choose.
[19:44:05] [Server thread/WARN]: To change this, set "online-mode" to "true" in the server.properties file.
[19:44:05] [Server thread/INFO]: Preparing level "world"
[19:44:08] [Server thread/WARN]: Cancelled mixin com.ishland.c2me.fixes.general.threading_issues.mixin.asynccatchers.MixinThreadedAnvilChunkStorage. Check debug logs for more information.
[19:44:10] [Server thread/INFO]: [STDOUT]: Density function compilation finished in 1.104 s
[19:44:11] [Server thread/INFO]: Changing watch distance to 10
[19:44:11] [Server thread/INFO]: Using TheSpeedyObjectFactory with Unsafe
[19:44:12] [Server thread/INFO]: [STDOUT]: Density function compilation finished in 25.42 ms
[19:44:12] [Server thread/INFO]: Changing watch distance to 10
[19:44:12] [Server thread/INFO]: [STDOUT]: Density function compilation finished in 33.10 ms
[19:44:12] [Server thread/INFO]: Changing watch distance to 10
[19:44:12] [Server thread/INFO]: Preparing start region for dimension minecraft:overworld
[19:44:13] [Server thread/INFO]: [STDOUT]: [ScalableLux] Lighting scaling is enabled in externally managed mode
[19:44:19] [c2me-worker-1/INFO]: Preparing spawn area: 0%
[19:44:19] [c2me-worker-1/INFO]: Preparing spawn area: 0%
[19:44:19] [c2me-worker-1/INFO]: Preparing spawn area: 0%
[19:44:19] [c2me-worker-0/INFO]: Preparing spawn area: 0%
[19:44:19] [c2me-worker-1/INFO]: Preparing spawn area: 0%
[19:44:19] [c2me-worker-1/INFO]: Preparing spawn area: 0%
[19:44:19] [c2me-worker-0/INFO]: Preparing spawn area: 0%
[19:44:19] [c2me-worker-1/INFO]: Preparing spawn area: 0%
[19:44:19] [c2me-worker-0/INFO]: Preparing spawn area: 0%
[19:44:19] [c2me-worker-1/INFO]: Preparing spawn area: 0%
[19:44:19] [c2me-worker-0/INFO]: Preparing spawn area: 0%
[19:44:19] [c2me-worker-1/INFO]: Preparing spawn area: 0%
[19:44:19] [c2me-worker-0/INFO]: Preparing spawn area: 0%
[19:44:19] [c2me-worker-0/INFO]: Preparing spawn area: 0%
[19:44:19] [c2me-worker-1/INFO]: Preparing spawn area: 0%
[19:44:20] [c2me-worker-1/INFO]: Preparing spawn area: 0%
[19:44:20] [c2me-worker-0/INFO]: Preparing spawn area: 4%
[19:44:21] [c2me-worker-0/INFO]: Preparing spawn area: 10%
[19:44:21] [c2me-worker-0/INFO]: Preparing spawn area: 24%
[19:44:22] [Server thread/INFO]: Preparing spawn area: 36%
[19:44:22] [Server thread/INFO]: Preparing spawn area: 93%
[19:44:22] [Server thread/INFO]: Time elapsed: 10179 ms
[19:44:22] [Server thread/INFO]: Done (16.965s)! For help, type "help"
[19:44:23] [Server thread/WARN]: [EasyAuth]: Disable enforce-secure-profile to allow offline players to join the server
[19:44:23] [Server thread/WARN]: [EasyAuth]: For more info, see https://github.com/NikitaCartes/EasyAuth/issues/68
[19:44:26] [Server thread/WARN]: Can't keep up! Is the server overloaded? Running 2946ms or 58 ticks behind
[19:44:32] [Server thread/INFO]: levifb[/10.147.19.54:35824] logged in with entity id 54 at (-3.5, 71.0, -9.5)
[19:44:32] [Server thread/INFO]: levifb joined the game
[19:44:40] [Server thread/INFO]: VerasNp[/10.147.19.54:39334] logged in with entity id 156 at (-3.5, 71.0, -8.5)
[19:44:40] [Server thread/INFO]: VerasNp joined the game
[19:44:43] [ForkJoinPool.commonPool-worker-1/WARN]: Failed to fetch skin: not found
[19:44:44] [Server thread/INFO]: NenemAlakin[/10.147.19.54:57476] logged in with entity id 231 at (10.520222371955773, 69.25220334025373, 39.54141427963832)
[19:44:44] [Server thread/INFO]: NenemAlakin joined the game
[19:44:50] [Server thread/WARN]: Can't keep up! Is the server overloaded? Running 8960ms or 179 ticks behind
[19:45:02] [Server thread/INFO]: itin69[/10.147.19.54:53786] logged in with entity id 304 at (-40.519728837371304, 18.0, -433.6729775644223)
[19:45:02] [Server thread/INFO]: itin69 joined the game
[19:45:05] [Server thread/INFO]: Ramosss[/10.147.19.54:53788] logged in with entity id 428 at (912.2590923308994, 62.110764312744145, 1031.803027059067)
[19:45:06] [Server thread/INFO]: Ramosss joined the game
[19:45:09] [Server thread/WARN]: Can't keep up! Is the server overloaded? Running 3798ms or 75 ticks behind
[19:45:18] [Server thread/INFO]: [Not Secure] <Ramosss> hello
[19:45:22] [Server thread/INFO]: [Not Secure] <NenemAlakin> perdi minhas carne :'(
[19:45:32] [Server thread/WARN]: Can't keep up! Is the server overloaded? Running 8182ms or 163 ticks behind
[19:45:37] [Server thread/INFO]: [Not Secure] <itin69> galera nao tem optfine :D
[19:45:37] [Server thread/INFO]: [Not Secure] <Ramosss> pior q eu voltei pra casa do krl aq tbm :(
[19:45:45] [Server thread/INFO]: mangoistir3d[/10.147.19.54:51172] logged in with entity id 769 at (-6.5, 78.0, 1.5)
[19:45:45] [Server thread/INFO]: mangoistir3d joined the game
[19:45:54] [Server thread/WARN]: Can't keep up! Is the server overloaded? Running 6811ms or 136 ticks behind
[19:45:55] [Server thread/WARN]: UUID of added entity already exists: class_1560['Enderman'/894, l='ServerLevel[world]', x=-217.42, y=64.00, z=-231.12]
[19:45:57] [Server thread/INFO]: [Not Secure] <Ramosss> instala o sodium/lithium/logicalzoom pelo fabric itin
[19:46:03] [Server thread/INFO]: [Not Secure] <NenemAlakin> furto ainda é legalizado?
[19:46:06] [Server thread/INFO]: [Not Secure] <Ramosss> é até melhor q o optifine
[19:46:23] [Server thread/WARN]: Can't keep up! Is the server overloaded? Running 2021ms or 40 ticks behind
[19:46:30] [Server thread/INFO]: [Not Secure] <itin69> qnd eu sair vou atras vlw
[19:46:40] [Server thread/INFO]: VerasNp lost connection: §cTime for authentication has expired.
[19:46:40] [Server thread/INFO]: VerasNp left the game
[19:46:45] [Server thread/WARN]: Can't keep up! Is the server overloaded? Running 7135ms or 142 ticks behind
[19:46:45] [Server thread/INFO]: mangoistir3d lost connection: Timed out
[19:46:45] [Server thread/INFO]: mangoistir3d left the game
[19:46:45] [Server thread/WARN]: handleDisconnection() called twice
[19:47:02] [Server thread/WARN]: Can't keep up! Is the server overloaded? Running 2299ms or 45 ticks behind
[19:47:12] [Server thread/INFO]: VerasNp[/10.147.19.54:46816] logged in with entity id 1961 at (-3.5, 71.0, -8.5)
[19:47:12] [Server thread/INFO]: VerasNp joined the game
[19:47:45] [Server thread/WARN]: Can't keep up! Is the server overloaded? Running 2028ms or 40 ticks behind
